<?xml version="1.0" encoding="UTF-8"?><testsuite errors="0" failures="0" name="com.bestbuyapi.producstinfo.ProductsCURDTestWithSteps" skipped="0" tests="4" time="3.25" timestamp="2022-06-07T21:56:00.444+01:00[Europe/London]"><testcase classname="com.bestbuyapi.producstinfo.ProductsCURDTestWithSteps" name="This will create a new Product"/><testcase classname="com.bestbuyapi.producstinfo.ProductsCURDTestWithSteps" name="Verify if the product was added to the application"/><testcase classname="com.bestbuyapi.producstinfo.ProductsCURDTestWithSteps" name="Update the product information and verify the updated information"/><testcase classname="com.bestbuyapi.producstinfo.ProductsCURDTestWithSteps" name="Delete the product and verify if the product is deleted!"/></testsuite>