<?xml version="1.0" encoding="UTF-8"?><testsuite errors="0" failures="0" name="com.bestbuyapi.categoriesinfo.categoriesCURDTestWithSteps" skipped="0" tests="4" time="7.12" timestamp="2022-06-07T21:55:51.324+01:00[Europe/London]"><testcase classname="com.bestbuyapi.categoriesinfo.categoriesCURDTestWithSteps" name="This will create a new category"/><testcase classname="com.bestbuyapi.categoriesinfo.categoriesCURDTestWithSteps" name="Verify if the category was created"/><testcase classname="com.bestbuyapi.categoriesinfo.categoriesCURDTestWithSteps" name="Update the category information and verify the updated information"/><testcase classname="com.bestbuyapi.categoriesinfo.categoriesCURDTestWithSteps" name="Delete the category and verify if the category is deleted!"/></testsuite>