<?xml version="1.0" encoding="UTF-8"?><testsuite errors="0" failures="0" name="com.bestbuyapi.servicesinfo.ServicesCURDtestWithSteps" skipped="0" tests="4" time="0.83" timestamp="2022-06-07T21:56:03.790+01:00[Europe/London]"><testcase classname="com.bestbuyapi.servicesinfo.ServicesCURDtestWithSteps" name="This will create a new service"/><testcase classname="com.bestbuyapi.servicesinfo.ServicesCURDtestWithSteps" name="Verify if the service was added"/><testcase classname="com.bestbuyapi.servicesinfo.ServicesCURDtestWithSteps" name="Update the service information and verify the updated information"/><testcase classname="com.bestbuyapi.servicesinfo.ServicesCURDtestWithSteps" name="Delete the service and verify if the service is deleted!"/></testsuite>