<?xml version="1.0" encoding="UTF-8"?><testsuite errors="0" failures="0" name="com.bestbuyapi.storesinfo.StoresCURDtestWithSteps" skipped="0" tests="4" time="0.91" timestamp="2022-06-07T21:56:04.844+01:00[Europe/London]"><testcase classname="com.bestbuyapi.storesinfo.StoresCURDtestWithSteps" name="This will create a new Store"/><testcase classname="com.bestbuyapi.storesinfo.StoresCURDtestWithSteps" name="Verify if the store was added to the application"/><testcase classname="com.bestbuyapi.storesinfo.StoresCURDtestWithSteps" name="Update the store information and verify the updated information"/><testcase classname="com.bestbuyapi.storesinfo.StoresCURDtestWithSteps" name="Delete the stores and verify if the stores is deleted!"/></testsuite>